<?xml version="1.0" encoding="UTF-8"?>
<!-- Generated by org.testng.reporters.JUnitReportReporter -->
<testsuite hostname="Chytra" failures="0" tests="5" name="com.test.sample.practice_automation.tests.AutomationScripts" time="36.034" errors="0" timestamp="08 May 2022 18:36:19 GMT" skipped="0">
  <testcase classname="com.test.sample.practice_automation.tests.AutomationScripts" name="validateBasicAuthByProvidingCorrectUNandPWD" time="6.272"/>
  <testcase classname="com.test.sample.practice_automation.tests.AutomationScripts" name="validateFileUpload" time="7.165"/>
  <testcase classname="com.test.sample.practice_automation.tests.AutomationScripts" name="validateFormAuthenticationForValidUNandPWD" time="7.548"/>
  <testcase classname="com.test.sample.practice_automation.tests.AutomationScripts" name="validateFormAuthenticationForInvalidUNandPWD" time="8.448"/>
  <testcase classname="com.test.sample.practice_automation.tests.AutomationScripts" name="validateCheckboxStatus" time="6.601"/>
</testsuite> <!-- com.test.sample.practice_automation.tests.AutomationScripts -->
